[2025-05-13 14:43:21,934: INFO: main: Welcome to our custom logging]
[2025-05-13 23:44:26,433: INFO: common: yaml file: config\config.yaml loaded successfully]
[2025-05-13 23:44:26,464: INFO: common: yaml file: params.yaml loaded successfully]
[2025-05-13 23:45:14,379: INFO: common: yaml file: config\config.yaml loaded successfully]
[2025-05-13 23:45:14,395: INFO: common: yaml file: params.yaml loaded successfully]
[2025-05-13 23:45:14,403: INFO: common: yaml file: schema.yaml loaded successfully]
[2025-05-13 23:45:14,403: INFO: common: created directory at: artifacts]
[2025-05-13 23:45:14,403: INFO: common: created directory at: artifacts/data_ingestion]
[2025-05-13 23:45:16,281: INFO: 2366278714: artifacts/data_ingestion/data.zip download! with following info: 
Connection: close
Content-Length: 23329
Cache-Control: max-age=300
Content-Security-Policy: default-src 'none'; style-src 'unsafe-inline'; sandbox
Content-Type: application/zip
ETag: "c69888a4ae59bc5a893392785a938ccd4937981c06ba8a9d6a21aa52b4ab5b6e"
Strict-Transport-Security: max-age=31536000
X-Content-Type-Options: nosniff
X-Frame-Options: deny
X-XSS-Protection: 1; mode=block
X-GitHub-Request-Id: 8E6E:5ECD8:AE255:15EABA:68238C35
Accept-Ranges: bytes
Date: Tue, 13 May 2025 18:15:17 GMT
Via: 1.1 varnish
X-Served-By: cache-del21728-DEL
X-Cache: MISS
X-Cache-Hits: 0
X-Timer: S1747160117.395229,VS0,VE279
Vary: Authorization,Accept-Encoding,Origin
Access-Control-Allow-Origin: *
Cross-Origin-Resource-Policy: cross-origin
X-Fastly-Request-ID: b06d2c67b8a37f233975b1a720f77bb9b3b35c4c
Expires: Tue, 13 May 2025 18:20:17 GMT
Source-Age: 0

]
[2025-05-14 00:01:51,915: INFO: main: >>>>>> stage Data Ingestion stage started <<<<<<]
[2025-05-14 00:01:51,928: INFO: common: yaml file: config\config.yaml loaded successfully]
[2025-05-14 00:01:51,931: INFO: common: yaml file: params.yaml loaded successfully]
[2025-05-14 00:01:51,932: INFO: common: yaml file: schema.yaml loaded successfully]
[2025-05-14 00:01:51,934: INFO: common: created directory at: artifacts]
[2025-05-14 00:01:51,936: INFO: common: created directory at: artifacts/data_ingestion]
[2025-05-14 00:01:53,614: INFO: data_ingestion: artifacts/data_ingestion/data.zip download! with following info: 
Connection: close
Content-Length: 23329
Cache-Control: max-age=300
Content-Security-Policy: default-src 'none'; style-src 'unsafe-inline'; sandbox
Content-Type: application/zip
ETag: "c69888a4ae59bc5a893392785a938ccd4937981c06ba8a9d6a21aa52b4ab5b6e"
Strict-Transport-Security: max-age=31536000
X-Content-Type-Options: nosniff
X-Frame-Options: deny
X-XSS-Protection: 1; mode=block
X-GitHub-Request-Id: 8E6E:5ECD8:AE255:15EABA:68238C35
Accept-Ranges: bytes
Date: Tue, 13 May 2025 18:31:55 GMT
Via: 1.1 varnish
X-Served-By: cache-del21748-DEL
X-Cache: HIT
X-Cache-Hits: 0
X-Timer: S1747161115.774484,VS0,VE275
Vary: Authorization,Accept-Encoding,Origin
Access-Control-Allow-Origin: *
Cross-Origin-Resource-Policy: cross-origin
X-Fastly-Request-ID: c8705d35a1690d58b5eb77bca186ecedbebdeb2e
Expires: Tue, 13 May 2025 18:36:55 GMT
Source-Age: 0

]
[2025-05-14 00:01:53,705: INFO: main: >>>>>> stage Data Ingestion stage completed <<<<<<

x==========x]
[2025-05-14 00:16:04,633: INFO: main: >>>>>> stage Data Ingestion stage started <<<<<<]
[2025-05-14 00:16:04,633: INFO: common: yaml file: config\config.yaml loaded successfully]
[2025-05-14 00:16:04,633: INFO: common: yaml file: params.yaml loaded successfully]
[2025-05-14 00:16:04,633: INFO: common: yaml file: schema.yaml loaded successfully]
[2025-05-14 00:16:04,633: INFO: common: created directory at: artifacts]
[2025-05-14 00:16:04,633: INFO: common: created directory at: artifacts/data_ingestion]
[2025-05-14 00:16:06,298: INFO: data_ingestion: artifacts/data_ingestion/data.zip download! with following info: 
Connection: close
Content-Length: 23329
Cache-Control: max-age=300
Content-Security-Policy: default-src 'none'; style-src 'unsafe-inline'; sandbox
Content-Type: application/zip
ETag: "c69888a4ae59bc5a893392785a938ccd4937981c06ba8a9d6a21aa52b4ab5b6e"
Strict-Transport-Security: max-age=31536000
X-Content-Type-Options: nosniff
X-Frame-Options: deny
X-XSS-Protection: 1; mode=block
X-GitHub-Request-Id: 8E6E:5ECD8:AE255:15EABA:68238C35
Accept-Ranges: bytes
Date: Tue, 13 May 2025 18:46:07 GMT
Via: 1.1 varnish
X-Served-By: cache-del21737-DEL
X-Cache: HIT
X-Cache-Hits: 1
X-Timer: S1747161967.472765,VS0,VE292
Vary: Authorization,Accept-Encoding,Origin
Access-Control-Allow-Origin: *
Cross-Origin-Resource-Policy: cross-origin
X-Fastly-Request-ID: 92ae31afd10ae02e9b418ad1dcf43c54f6191cee
Expires: Tue, 13 May 2025 18:51:07 GMT
Source-Age: 0

]
[2025-05-14 00:16:06,333: INFO: main: >>>>>> stage Data Ingestion stage completed <<<<<<

x==========x]
[2025-05-14 13:42:41,851: INFO: main: >>>>>> stage Data Ingestion stage started <<<<<<]
[2025-05-14 13:42:41,871: INFO: common: yaml file: config\config.yaml loaded successfully]
[2025-05-14 13:42:41,889: INFO: common: yaml file: params.yaml loaded successfully]
[2025-05-14 13:42:41,892: INFO: common: yaml file: schema.yaml loaded successfully]
[2025-05-14 13:42:41,918: INFO: common: created directory at: artifacts]
[2025-05-14 13:42:41,929: INFO: common: created directory at: artifacts/data_ingestion]
[2025-05-14 13:42:43,685: INFO: data_ingestion: artifacts/data_ingestion/data.zip download! with following info: 
Connection: close
Content-Length: 23329
Cache-Control: max-age=300
Content-Security-Policy: default-src 'none'; style-src 'unsafe-inline'; sandbox
Content-Type: application/zip
ETag: "c69888a4ae59bc5a893392785a938ccd4937981c06ba8a9d6a21aa52b4ab5b6e"
Strict-Transport-Security: max-age=31536000
X-Content-Type-Options: nosniff
X-Frame-Options: deny
X-XSS-Protection: 1; mode=block
X-GitHub-Request-Id: D931:6D779:FC90:2005B:6824507C
Accept-Ranges: bytes
Date: Wed, 14 May 2025 08:12:45 GMT
Via: 1.1 varnish
X-Served-By: cache-del21734-DEL
X-Cache: MISS
X-Cache-Hits: 0
X-Timer: S1747210365.764905,VS0,VE297
Vary: Authorization,Accept-Encoding,Origin
Access-Control-Allow-Origin: *
Cross-Origin-Resource-Policy: cross-origin
X-Fastly-Request-ID: 20b4d0972a77f2969769d087b005f146c39bf654
Expires: Wed, 14 May 2025 08:17:45 GMT
Source-Age: 0

]
[2025-05-14 13:42:43,726: INFO: main: >>>>>> stage Data Ingestion stage completed <<<<<<

x==========x]
[2025-05-14 13:55:31,853: INFO: main: >>>>>> stage Data Ingestion stage started <<<<<<]
[2025-05-14 13:55:31,961: INFO: common: yaml file: config\config.yaml loaded successfully]
[2025-05-14 13:55:31,975: INFO: common: yaml file: params.yaml loaded successfully]
[2025-05-14 13:55:31,977: INFO: common: yaml file: schema.yaml loaded successfully]
[2025-05-14 13:55:31,978: INFO: common: created directory at: artifacts]
[2025-05-14 13:55:31,978: INFO: common: created directory at: artifacts/data_ingestion]
[2025-05-14 13:55:33,765: INFO: data_ingestion: artifacts/data_ingestion/data.zip download! with following info: 
Connection: close
Content-Length: 23329
Cache-Control: max-age=300
Content-Security-Policy: default-src 'none'; style-src 'unsafe-inline'; sandbox
Content-Type: application/zip
ETag: "c69888a4ae59bc5a893392785a938ccd4937981c06ba8a9d6a21aa52b4ab5b6e"
Strict-Transport-Security: max-age=31536000
X-Content-Type-Options: nosniff
X-Frame-Options: deny
X-XSS-Protection: 1; mode=block
X-GitHub-Request-Id: D931:6D779:FC90:2005B:6824507C
Accept-Ranges: bytes
Date: Wed, 14 May 2025 08:25:35 GMT
Via: 1.1 varnish
X-Served-By: cache-del21742-DEL
X-Cache: HIT
X-Cache-Hits: 0
X-Timer: S1747211135.777003,VS0,VE282
Vary: Authorization,Accept-Encoding,Origin
Access-Control-Allow-Origin: *
Cross-Origin-Resource-Policy: cross-origin
X-Fastly-Request-ID: 4786a587a348985170a1b31ab40a7601b39da3fa
Expires: Wed, 14 May 2025 08:30:35 GMT
Source-Age: 0

]
[2025-05-14 13:55:33,826: INFO: main: >>>>>> stage Data Ingestion stage completed <<<<<<

x==========x]
[2025-05-14 14:17:32,251: INFO: common: yaml file: config\config.yaml loaded successfully]
[2025-05-14 14:17:32,618: INFO: common: yaml file: params.yaml loaded successfully]
[2025-05-14 14:17:32,641: INFO: common: yaml file: schema.yaml loaded successfully]
[2025-05-14 14:17:32,645: INFO: common: created directory at: artifacts]
[2025-05-14 14:18:16,419: INFO: common: yaml file: config\config.yaml loaded successfully]
[2025-05-14 14:18:16,422: INFO: common: yaml file: params.yaml loaded successfully]
[2025-05-14 14:18:16,427: INFO: common: yaml file: schema.yaml loaded successfully]
[2025-05-14 14:18:16,431: INFO: common: created directory at: artifacts]
[2025-05-14 14:18:16,432: INFO: common: created directory at: artifacts/data_validation]
[2025-05-14 14:30:24,253: INFO: main: >>>>>> stage Data Ingestion stage started <<<<<<]
[2025-05-14 14:30:24,409: INFO: common: yaml file: config\config.yaml loaded successfully]
[2025-05-14 14:30:24,425: INFO: common: yaml file: params.yaml loaded successfully]
[2025-05-14 14:30:24,428: INFO: common: yaml file: schema.yaml loaded successfully]
[2025-05-14 14:30:24,429: INFO: common: created directory at: artifacts]
[2025-05-14 14:30:24,439: INFO: common: created directory at: artifacts/data_ingestion]
[2025-05-14 14:30:26,165: INFO: data_ingestion: artifacts/data_ingestion/data.zip download! with following info: 
Connection: close
Content-Length: 23329
Cache-Control: max-age=300
Content-Security-Policy: default-src 'none'; style-src 'unsafe-inline'; sandbox
Content-Type: application/zip
ETag: "c69888a4ae59bc5a893392785a938ccd4937981c06ba8a9d6a21aa52b4ab5b6e"
Strict-Transport-Security: max-age=31536000
X-Content-Type-Options: nosniff
X-Frame-Options: deny
X-XSS-Protection: 1; mode=block
X-GitHub-Request-Id: D931:6D779:FC90:2005B:6824507C
Accept-Ranges: bytes
Date: Wed, 14 May 2025 09:00:27 GMT
Via: 1.1 varnish
X-Served-By: cache-del21746-DEL
X-Cache: HIT
X-Cache-Hits: 0
X-Timer: S1747213227.322431,VS0,VE278
Vary: Authorization,Accept-Encoding,Origin
Access-Control-Allow-Origin: *
Cross-Origin-Resource-Policy: cross-origin
X-Fastly-Request-ID: 460087cfa52105bd6b5ddb5787377fce65b4b9ac
Expires: Wed, 14 May 2025 09:05:27 GMT
Source-Age: 0

]
[2025-05-14 14:30:26,216: INFO: main: >>>>>> stage Data Ingestion stage completed <<<<<<

x==========x]
[2025-05-14 14:30:26,216: INFO: main: >>>>>> stage Data Validation stage started <<<<<<]
[2025-05-14 14:30:26,220: INFO: common: yaml file: config\config.yaml loaded successfully]
[2025-05-14 14:30:26,221: INFO: common: yaml file: params.yaml loaded successfully]
[2025-05-14 14:30:26,225: INFO: common: yaml file: schema.yaml loaded successfully]
[2025-05-14 14:30:26,226: INFO: common: created directory at: artifacts]
[2025-05-14 14:30:26,226: INFO: common: created directory at: artifacts/data_validation]
[2025-05-14 14:30:26,282: INFO: main: >>>>>> stage Data Validation stage completed <<<<<<

x==========x]
[2025-05-14 22:53:36,365: INFO: common: yaml file: config\config.yaml loaded successfully]
[2025-05-14 22:53:36,708: INFO: common: yaml file: params.yaml loaded successfully]
[2025-05-14 22:53:36,711: INFO: common: yaml file: schema.yaml loaded successfully]
[2025-05-14 22:53:36,713: INFO: common: created directory at: artifacts]
[2025-05-14 22:53:36,741: INFO: common: created directory at: artifacts/data_transformation]
[2025-05-14 22:53:36,811: INFO: 3686772365: Splited data into training and test sets]
[2025-05-14 22:53:36,812: INFO: 3686772365: (1199, 12)]
[2025-05-14 22:53:36,812: INFO: 3686772365: (400, 12)]
[2025-05-14 23:02:07,868: INFO: main: >>>>>> stage Data Ingestion stage started <<<<<<]
[2025-05-14 23:02:07,951: INFO: common: yaml file: config\config.yaml loaded successfully]
[2025-05-14 23:02:07,970: INFO: common: yaml file: params.yaml loaded successfully]
[2025-05-14 23:02:07,972: INFO: common: yaml file: schema.yaml loaded successfully]
[2025-05-14 23:02:07,995: INFO: common: created directory at: artifacts]
[2025-05-14 23:02:07,996: INFO: common: created directory at: artifacts/data_ingestion]
[2025-05-14 23:02:09,209: INFO: data_ingestion: artifacts/data_ingestion/data.zip download! with following info: 
Connection: close
Content-Length: 23329
Cache-Control: max-age=300
Content-Security-Policy: default-src 'none'; style-src 'unsafe-inline'; sandbox
Content-Type: application/zip
ETag: "c69888a4ae59bc5a893392785a938ccd4937981c06ba8a9d6a21aa52b4ab5b6e"
Strict-Transport-Security: max-age=31536000
X-Content-Type-Options: nosniff
X-Frame-Options: deny
X-XSS-Protection: 1; mode=block
X-GitHub-Request-Id: 2AFC:22213C:C9DD:2004F:6824D399
Accept-Ranges: bytes
Date: Wed, 14 May 2025 17:32:11 GMT
Via: 1.1 varnish
X-Served-By: cache-del21729-DEL
X-Cache: MISS
X-Cache-Hits: 0
X-Timer: S1747243931.861924,VS0,VE305
Vary: Authorization,Accept-Encoding,Origin
Access-Control-Allow-Origin: *
Cross-Origin-Resource-Policy: cross-origin
X-Fastly-Request-ID: 572b3023c21f5c1e0dc48d35526c93b569fa9cee
Expires: Wed, 14 May 2025 17:37:11 GMT
Source-Age: 0

]
[2025-05-14 23:02:09,332: INFO: main: >>>>>> stage Data Ingestion stage completed <<<<<<

x==========x]
[2025-05-14 23:02:09,332: INFO: main: >>>>>> stage Data Validation stage started <<<<<<]
[2025-05-14 23:02:09,335: INFO: common: yaml file: config\config.yaml loaded successfully]
[2025-05-14 23:02:09,336: INFO: common: yaml file: params.yaml loaded successfully]
[2025-05-14 23:02:09,337: INFO: common: yaml file: schema.yaml loaded successfully]
[2025-05-14 23:02:09,339: INFO: common: created directory at: artifacts]
[2025-05-14 23:02:09,340: INFO: common: created directory at: artifacts/data_validation]
[2025-05-14 23:02:09,368: INFO: main: >>>>>> stage Data Validation stage completed <<<<<<

x==========x]
[2025-05-14 23:02:09,368: INFO: main: >>>>>> stage Data Transformation stage started <<<<<<]
[2025-05-14 23:02:09,379: INFO: common: yaml file: config\config.yaml loaded successfully]
[2025-05-14 23:02:09,380: INFO: common: yaml file: params.yaml loaded successfully]
[2025-05-14 23:02:09,381: INFO: common: yaml file: schema.yaml loaded successfully]
[2025-05-14 23:02:09,382: INFO: common: created directory at: artifacts]
[2025-05-14 23:02:09,383: INFO: common: created directory at: artifacts/data_transformation]
[2025-05-14 23:02:09,411: INFO: data_transformation: Splited data into training and test sets]
[2025-05-14 23:02:09,411: INFO: data_transformation: (1199, 12)]
[2025-05-14 23:02:09,411: INFO: data_transformation: (400, 12)]
[2025-05-14 23:02:09,412: INFO: main: >>>>>> stage Data Transformation stage completed <<<<<<

x==========x]
[2025-05-15 00:05:07,942: INFO: common: yaml file: config\config.yaml loaded successfully]
[2025-05-15 00:05:07,959: INFO: common: yaml file: params.yaml loaded successfully]
[2025-05-15 00:05:07,966: INFO: common: yaml file: schema.yaml loaded successfully]
[2025-05-15 00:05:07,967: INFO: common: created directory at: artifacts]
[2025-05-15 00:05:08,003: INFO: common: created directory at: artifacts/model_trainer]
[2025-05-15 00:12:32,515: INFO: main: >>>>>> stage Data Ingestion stage started <<<<<<]
[2025-05-15 00:12:32,556: INFO: common: yaml file: config\config.yaml loaded successfully]
[2025-05-15 00:12:32,560: INFO: common: yaml file: params.yaml loaded successfully]
[2025-05-15 00:12:32,562: INFO: common: yaml file: schema.yaml loaded successfully]
[2025-05-15 00:12:32,563: INFO: common: created directory at: artifacts]
[2025-05-15 00:12:32,563: INFO: common: created directory at: artifacts/data_ingestion]
[2025-05-15 00:12:33,882: INFO: data_ingestion: artifacts/data_ingestion/data.zip download! with following info: 
Connection: close
Content-Length: 23329
Cache-Control: max-age=300
Content-Security-Policy: default-src 'none'; style-src 'unsafe-inline'; sandbox
Content-Type: application/zip
ETag: "c69888a4ae59bc5a893392785a938ccd4937981c06ba8a9d6a21aa52b4ab5b6e"
Strict-Transport-Security: max-age=31536000
X-Content-Type-Options: nosniff
X-Frame-Options: deny
X-XSS-Protection: 1; mode=block
X-GitHub-Request-Id: DE80:30C390:D3E5:267C8:6824E41B
Accept-Ranges: bytes
Date: Wed, 14 May 2025 18:42:35 GMT
Via: 1.1 varnish
X-Served-By: cache-del21723-DEL
X-Cache: MISS
X-Cache-Hits: 0
X-Timer: S1747248156.540688,VS0,VE371
Vary: Authorization,Accept-Encoding,Origin
Access-Control-Allow-Origin: *
Cross-Origin-Resource-Policy: cross-origin
X-Fastly-Request-ID: c2c0acb3e2affa70bee23a211b71fd9772f2ce2e
Expires: Wed, 14 May 2025 18:47:35 GMT
Source-Age: 0

]
[2025-05-15 00:12:33,940: INFO: main: >>>>>> stage Data Ingestion stage completed <<<<<<

x==========x]
[2025-05-15 00:12:33,940: INFO: main: >>>>>> stage Data Validation stage started <<<<<<]
[2025-05-15 00:12:33,944: INFO: common: yaml file: config\config.yaml loaded successfully]
[2025-05-15 00:12:33,944: INFO: common: yaml file: params.yaml loaded successfully]
[2025-05-15 00:12:33,946: INFO: common: yaml file: schema.yaml loaded successfully]
[2025-05-15 00:12:33,947: INFO: common: created directory at: artifacts]
[2025-05-15 00:12:33,947: INFO: common: created directory at: artifacts/data_validation]
[2025-05-15 00:12:33,971: INFO: main: >>>>>> stage Data Validation stage completed <<<<<<

x==========x]
[2025-05-15 00:12:33,972: INFO: main: >>>>>> stage Data Transformation stage started <<<<<<]
[2025-05-15 00:12:33,975: INFO: common: yaml file: config\config.yaml loaded successfully]
[2025-05-15 00:12:33,976: INFO: common: yaml file: params.yaml loaded successfully]
[2025-05-15 00:12:33,978: INFO: common: yaml file: schema.yaml loaded successfully]
[2025-05-15 00:12:33,979: INFO: common: created directory at: artifacts]
[2025-05-15 00:12:33,979: INFO: common: created directory at: artifacts/data_transformation]
[2025-05-15 00:12:34,002: INFO: data_transformation: Splited data into training and test sets]
[2025-05-15 00:12:34,002: INFO: data_transformation: (1199, 12)]
[2025-05-15 00:12:34,002: INFO: data_transformation: (400, 12)]
[2025-05-15 00:12:34,003: INFO: main: >>>>>> stage Data Transformation stage completed <<<<<<

x==========x]
[2025-05-15 00:12:34,003: INFO: main: >>>>>> stage Model Trainer stage started <<<<<<]
[2025-05-15 00:12:34,005: INFO: common: yaml file: config\config.yaml loaded successfully]
[2025-05-15 00:12:34,006: INFO: common: yaml file: params.yaml loaded successfully]
[2025-05-15 00:12:34,008: INFO: common: yaml file: schema.yaml loaded successfully]
[2025-05-15 00:12:34,008: INFO: common: created directory at: artifacts]
[2025-05-15 00:12:34,008: INFO: common: created directory at: artifacts/model_trainer]
[2025-05-15 00:12:34,054: INFO: main: >>>>>> stage Model Trainer stage completed <<<<<<

x==========x]
